{
  "RSpec": {
    "coverage": {
      "/Users/Ellen/Documents/ada_homework/in_progress/peapatch/config/environment.rb": [
        null,
        1,
        null,
        null,
        1
      ],
      "/Users/Ellen/Documents/ada_homework/in_progress/peapatch/config/application.rb": [
        1,
        null,
        1,
        null,
        null,
        null,
        1,
        null,
        1,
        1,
        null,
        null,
        null,
        null,
        null,
        null,
        null,
        null,
        null,
        null,
        null,
        null,
        null
      ],
      "/Users/Ellen/Documents/ada_homework/in_progress/peapatch/config/boot.rb": [
        null,
        1,
        null,
        1
      ],
      "/Users/Ellen/Documents/ada_homework/in_progress/peapatch/config/environments/test.rb": [
        1,
        null,
        null,
        null,
        null,
        null,
        null,
        1,
        null,
        null,
        null,
        null,
        1,
        null,
        null,
        1,
        1,
        null,
        null,
        1,
        1,
        null,
        null,
        1,
        null,
        null,
        1,
        null,
        null,
        null,
        null,
        1,
        null,
        null,
        1,
        null
      ],
      "/Users/Ellen/Documents/ada_homework/in_progress/peapatch/config/initializers/backtrace_silencers.rb": [
        null,
        null,
        null,
        null,
        null,
        null,
        null
      ],
      "/Users/Ellen/Documents/ada_homework/in_progress/peapatch/config/initializers/filter_parameter_logging.rb": [
        null,
        null,
        null,
        1
      ],
      "/Users/Ellen/Documents/ada_homework/in_progress/peapatch/config/initializers/inflections.rb": [
        null,
        null,
        null,
        null,
        null,
        null,
        null,
        null,
        null,
        null,
        null,
        null,
        null,
        null,
        null,
        null
      ],
      "/Users/Ellen/Documents/ada_homework/in_progress/peapatch/config/initializers/mime_types.rb": [
        null,
        null,
        null,
        null,
        null
      ],
      "/Users/Ellen/Documents/ada_homework/in_progress/peapatch/config/initializers/secret_token.rb": [
        null,
        null,
        null,
        null,
        null,
        null,
        null,
        null,
        null,
        null,
        null,
        1
      ],
      "/Users/Ellen/Documents/ada_homework/in_progress/peapatch/config/initializers/session_store.rb": [
        null,
        null,
        1
      ],
      "/Users/Ellen/Documents/ada_homework/in_progress/peapatch/config/initializers/wrap_parameters.rb": [
        null,
        null,
        null,
        null,
        null,
        null,
        1,
        1,
        null,
        null,
        null,
        null,
        null,
        null
      ],
      "/Users/Ellen/Documents/ada_homework/in_progress/peapatch/spec/factories.rb": [
        1,
        1,
        1,
        1,
        1,
        1,
        null,
        null
      ],
      "/Users/Ellen/Documents/ada_homework/in_progress/peapatch/config/routes.rb": [
        1,
        null,
        null,
        null,
        null,
        1,
        null,
        1,
        1,
        1,
        1,
        null,
        null,
        null,
        null,
        null,
        null,
        null,
        null,
        null,
        null,
        null,
        null,
        null,
        null,
        null,
        null,
        null,
        null,
        null,
        null,
        null,
        null,
        null,
        null,
        null,
        null,
        null,
        null,
        null,
        null,
        null,
        null,
        null,
        null,
        null,
        null,
        null,
        null,
        null,
        null,
        null,
        null,
        null,
        null,
        null,
        null,
        null,
        null,
        null,
        null
      ],
      "/Users/Ellen/Documents/ada_homework/in_progress/peapatch/app/helpers/application_helper.rb": [
        1,
        null
      ],
      "/Users/Ellen/Documents/ada_homework/in_progress/peapatch/app/helpers/calendar_helper.rb": [
        1,
        1,
        0,
        null,
        null,
        null,
        1,
        null,
        null,
        null,
        null,
        null,
        null,
        0,
        null,
        null,
        1,
        null,
        0,
        0,
        0,
        null,
        null,
        null
      ],
      "/Users/Ellen/Documents/ada_homework/in_progress/peapatch/app/controllers/posts_controller.rb": [
        1,
        1,
        1,
        null,
        null,
        1,
        4,
        4,
        2,
        null,
        2,
        null,
        null,
        null,
        1,
        0,
        null,
        null,
        1,
        1,
        4,
        null,
        null
      ],
      "/Users/Ellen/Documents/ada_homework/in_progress/peapatch/app/controllers/application_controller.rb": [
        1,
        null,
        null,
        1,
        null
      ],
      "/Users/Ellen/Documents/ada_homework/in_progress/peapatch/app/models/post.rb": [
        1,
        1,
        1,
        1,
        1,
        null
      ]
    },
    "timestamp": 1392142375
  }
}
